app/build/outputs/logs/manifest-merger-debug-report.txt
-- Merging decision tree log ---
manifest
ADDED from src\main\AndroidManifest.xml:2:1-78:12
	package
		ADDED from src\main\AndroidManifest.xml:3:5-30
		INJECTED from src\main\AndroidManifest.xml
		INJECTED from src\main\AndroidManifest.xml
	android:versionName
		INJECTED from src\main\AndroidManifest.xml
		INJECTED from src\main\AndroidManifest.xml
	xmlns:android
		ADDED from src\main\AndroidManifest.xml:2:11-69
	android:versionCode
		INJECTED from src\main\AndroidManifest.xml
		INJECTED from src\main\AndroidManifest.xml
uses-permission#android.permission.INTERNET
ADDED from src\main\AndroidManifest.xml:6:3-81
	android:name
		ADDED from src\main\AndroidManifest.xml:6:20-62
uses-permission#android.permission.WRITE_EXTERNAL_STORAGE
ADDED from src\main\AndroidManifest.xml:7:3-95
	android:name
		ADDED from src\main\AndroidManifest.xml:7:20-76
application
ADDED from src\main\AndroidManifest.xml:9:3-76:17
MERGED from [com.android.support:appcompat-v7:23.1.0] AndroidManifest.xml:22:5-20
MERGED from [com.android.support:support-v4:23.1.0] AndroidManifest.xml:22:5-20
MERGED from [com.android.support:design:23.1.0] AndroidManifest.xml:22:5-20
MERGED from [com.android.support:appcompat-v7:23.1.0] AndroidManifest.xml:22:5-20
MERGED from [com.android.support:support-v4:23.1.0] AndroidManifest.xml:22:5-20
MERGED from [com.android.support:support-v4:23.1.0] AndroidManifest.xml:22:5-20
MERGED from [com.android.support:support-v4:23.1.0] AndroidManifest.xml:22:5-20
MERGED from [com.android.support:appcompat-v7:23.1.0] AndroidManifest.xml:22:5-20
MERGED from [com.android.support:support-v4:23.1.0] AndroidManifest.xml:22:5-20
MERGED from [biyesheji:mylibrary:unspecified] AndroidManifest.xml:11:5-15:19
MERGED from [com.android.support:appcompat-v7:23.1.0] AndroidManifest.xml:22:5-20
MERGED from [com.android.support:support-v4:23.1.0] AndroidManifest.xml:22:5-20
	android:label
		ADDED from src\main\AndroidManifest.xml:13:7-39
	android:supportsRtl
		ADDED from src\main\AndroidManifest.xml:14:7-33
	android:allowBackup
		ADDED from src\main\AndroidManifest.xml:11:7-33
	android:icon
		ADDED from src\main\AndroidManifest.xml:12:7-41
	android:theme
		ADDED from src\main\AndroidManifest.xml:15:7-38
	android:name
		ADDED from src\main\AndroidManifest.xml:10:7-36
activity#com.zhicall.hax.activities.CourseListActivity
ADDED from src\main\AndroidManifest.xml:17:5-22:16
	android:label
		ADDED from src\main\AndroidManifest.xml:19:9-41
	android:theme
		ADDED from src\main\AndroidManifest.xml:20:9-51
	android:name
		ADDED from src\main\AndroidManifest.xml:18:9-54
activity#com.zhicall.hax.activities.ListViewWithSeekActivity
ADDED from src\main\AndroidManifest.xml:23:5-28:16
	android:label
		ADDED from src\main\AndroidManifest.xml:25:9-41
	android:theme
		ADDED from src\main\AndroidManifest.xml:26:9-51
	android:name
		ADDED from src\main\AndroidManifest.xml:24:9-60
activity#com.zhicall.hax.activities.MyViewActivity
ADDED from src\main\AndroidManifest.xml:29:5-34:16
	android:label
		ADDED from src\main\AndroidManifest.xml:31:9-41
	android:theme
		ADDED from src\main\AndroidManifest.xml:32:9-51
	android:name
		ADDED from src\main\AndroidManifest.xml:30:9-50
activity#com.zhicall.hax.activities.AnimatorActivity
ADDED from src\main\AndroidManifest.xml:35:5-40:16
	android:label
		ADDED from src\main\AndroidManifest.xml:37:9-41
	android:theme
		ADDED from src\main\AndroidManifest.xml:38:9-51
	android:name
		ADDED from src\main\AndroidManifest.xml:36:9-52
activity#com.zhicall.hax.activities.ViewPagerWithTabActivity
ADDED from src\main\AndroidManifest.xml:41:5-46:16
	android:label
		ADDED from src\main\AndroidManifest.xml:43:9-41
	android:theme
		ADDED from src\main\AndroidManifest.xml:44:9-51
	android:name
		ADDED from src\main\AndroidManifest.xml:42:9-60
activity#com.zhicall.hax.activities.ThreadActivity
ADDED from src\main\AndroidManifest.xml:47:5-52:16
	android:label
		ADDED from src\main\AndroidManifest.xml:49:9-41
	android:theme
		ADDED from src\main\AndroidManifest.xml:50:9-51
	android:name
		ADDED from src\main\AndroidManifest.xml:48:9-50
activity#com.zhicall.hax.activities.PullToLoadActivity
ADDED from src\main\AndroidManifest.xml:53:5-58:16
	android:label
		ADDED from src\main\AndroidManifest.xml:55:9-41
	android:theme
		ADDED from src\main\AndroidManifest.xml:56:9-51
	android:name
		ADDED from src\main\AndroidManifest.xml:54:9-54
activity#com.zhicall.hax.activities.PullToRefreshActvity
ADDED from src\main\AndroidManifest.xml:59:5-64:16
	android:label
		ADDED from src\main\AndroidManifest.xml:61:9-41
	android:theme
		ADDED from src\main\AndroidManifest.xml:62:9-51
	android:name
		ADDED from src\main\AndroidManifest.xml:60:9-56
activity#com.zhicall.hax.activities.MeasureViewActivity
ADDED from src\main\AndroidManifest.xml:65:5-75:16
	android:label
		ADDED from src\main\AndroidManifest.xml:67:9-41
	android:theme
		ADDED from src\main\AndroidManifest.xml:68:9-51
	android:name
		ADDED from src\main\AndroidManifest.xml:66:9-55
intent-filter#android.intent.action.MAIN+android.intent.category.LAUNCHER
ADDED from src\main\AndroidManifest.xml:70:7-74:23
action#android.intent.action.MAIN
ADDED from src\main\AndroidManifest.xml:71:9-60
	android:name
		ADDED from src\main\AndroidManifest.xml:71:17-58
category#android.intent.category.LAUNCHER
ADDED from src\main\AndroidManifest.xml:73:9-68
	android:name
		ADDED from src\main\AndroidManifest.xml:73:19-66
uses-sdk
INJECTED from src\main\AndroidManifest.xml reason: use-sdk injection requested
MERGED from [com.android.support:appcompat-v7:23.1.0] AndroidManifest.xml:20:5-43
MERGED from [com.android.support:support-v4:23.1.0] AndroidManifest.xml:20:5-43
MERGED from [com.android.support:design:23.1.0] AndroidManifest.xml:20:5-43
MERGED from [com.android.support:appcompat-v7:23.1.0] AndroidManifest.xml:20:5-43
MERGED from [com.android.support:support-v4:23.1.0] AndroidManifest.xml:20:5-43
MERGED from [com.android.support:recyclerview-v7:23.1.0] AndroidManifest.xml:20:5-43
MERGED from [com.android.support:support-v4:23.1.0] AndroidManifest.xml:20:5-43
MERGED from [com.android.support:support-v4:23.1.0] AndroidManifest.xml:20:5-43
MERGED from [com.github.recruit-lifestyle:WaveSwipeRefreshLayout:1.4] AndroidManifest.xml:8:5-10:41
MERGED from [com.android.support:appcompat-v7:23.1.0] AndroidManifest.xml:20:5-43
MERGED from [com.android.support:support-v4:23.1.0] AndroidManifest.xml:20:5-43
MERGED from [biyesheji:mylibrary:unspecified] AndroidManifest.xml:7:5-9:41
MERGED from [com.android.support:appcompat-v7:23.1.0] AndroidManifest.xml:20:5-43
MERGED from [com.android.support:support-v4:23.1.0] AndroidManifest.xml:20:5-43
	android:targetSdkVersion
		INJECTED from src\main\AndroidManifest.xml
		INJECTED from src\main\AndroidManifest.xml
	android:minSdkVersion
		INJECTED from src\main\AndroidManifest.xml
		INJECTED from src\main\AndroidManifest.xml